Using pre-set license
Built from '2021.3/staging' branch; Version is '2021.3.45f1 (0da89fac8e79) revision 895135'; Using compiler version '192829333'; Build Type 'Release'
OS: 'Windows 11  (10.0.26100) 64bit Core' Language: 'pl' Physical Memory: 16315 MB
BatchMode: 1, IsHumanControllingUs: 0, StartBugReporterOnCrash: 0, Is64bit: 1, IsPro: 1

COMMAND LINE ARGUMENTS:
C:\Program Files\Unity\Hub\Editor\2021.3.45f1\Editor\Unity.exe
-adb2
-batchMode
-noUpm
-name
AssetImportWorker2
-projectPath
C:/Users/frane/Documents/GitHub/GraOOP
-logFile
Logs/AssetImportWorker2.log
-srvPort
54709
Successfully changed project path to: C:/Users/frane/Documents/GitHub/GraOOP
C:/Users/frane/Documents/GitHub/GraOOP
[UnityMemory] Configuration Parameters - Can be set up in boot.config
    "memorysetup-bucket-allocator-granularity=16"
    "memorysetup-bucket-allocator-bucket-count=8"
    "memorysetup-bucket-allocator-block-size=33554432"
    "memorysetup-bucket-allocator-block-count=8"
    "memorysetup-main-allocator-block-size=16777216"
    "memorysetup-thread-allocator-block-size=16777216"
    "memorysetup-gfx-main-allocator-block-size=16777216"
    "memorysetup-gfx-thread-allocator-block-size=16777216"
    "memorysetup-cache-allocator-block-size=4194304"
    "memorysetup-typetree-allocator-block-size=2097152"
    "memorysetup-profiler-bucket-allocator-granularity=16"
    "memorysetup-profiler-bucket-allocator-bucket-count=8"
    "memorysetup-profiler-bucket-allocator-block-size=33554432"
    "memorysetup-profiler-bucket-allocator-block-count=8"
    "memorysetup-profiler-allocator-block-size=16777216"
    "memorysetup-profiler-editor-allocator-block-size=1048576"
    "memorysetup-temp-allocator-size-main=16777216"
    "memorysetup-job-temp-allocator-block-size=2097152"
    "memorysetup-job-temp-allocator-block-size-background=1048576"
    "memorysetup-job-temp-allocator-reduction-small-platforms=262144"
    "memorysetup-temp-allocator-size-background-worker=32768"
    "memorysetup-temp-allocator-size-job-worker=262144"
    "memorysetup-temp-allocator-size-preload-manager=33554432"
    "memorysetup-temp-allocator-size-nav-mesh-worker=65536"
    "memorysetup-temp-allocator-size-audio-worker=65536"
    "memorysetup-temp-allocator-size-cloud-worker=32768"
    "memorysetup-temp-allocator-size-gi-baking-worker=262144"
    "memorysetup-temp-allocator-size-gfx=262144"
Player connection [29208] Host "[IP] 192.168.0.96 [Port] 0 [Flags] 2 [Guid] 621973131 [EditorId] 621973131 [Version] 1048832 [Id] WindowsEditor(7,Franek) [Debug] 1 [PackageName] WindowsEditor [ProjectName] Editor" joined multi-casting on [225.0.0.222:54997]...

Player connection [29208] Host "[IP] 192.168.0.96 [Port] 0 [Flags] 2 [Guid] 621973131 [EditorId] 621973131 [Version] 1048832 [Id] WindowsEditor(7,Franek) [Debug] 1 [PackageName] WindowsEditor [ProjectName] Editor" joined alternative multi-casting on [225.0.0.222:34997]...

[Physics::Module] Initialized MultithreadedJobDispatcher with {0} workers.
Refreshing native plugins compatible for Editor in 93.85 ms, found 3 plugins.
Preloading 0 native plugins for Editor in 0.00 ms.
Initialize engine version: 2021.3.45f1 (0da89fac8e79)
[Subsystems] Discovering subsystems at path C:/Program Files/Unity/Hub/Editor/2021.3.45f1/Editor/Data/Resources/UnitySubsystems
[Subsystems] Discovering subsystems at path C:/Users/frane/Documents/GitHub/GraOOP/Assets
GfxDevice: creating device client; threaded=0; jobified=0
Direct3D:
    Version:  Direct3D 11.0 [level 11.1]
    Renderer: AMD Radeon RX 5600 XT (ID=0x731f)
    Vendor:   ATI
    VRAM:     6077 MB
    Driver:   32.0.12033.1030
Initialize mono
Mono path[0] = 'C:/Program Files/Unity/Hub/Editor/2021.3.45f1/Editor/Data/Managed'
Mono path[1] = 'C:/Program Files/Unity/Hub/Editor/2021.3.45f1/Editor/Data/MonoBleedingEdge/lib/mono/unityjit-win32'
Mono config path = 'C:/Program Files/Unity/Hub/Editor/2021.3.45f1/Editor/Data/MonoBleedingEdge/etc'
Using monoOptions --debugger-agent=transport=dt_socket,embedding=1,server=y,suspend=n,address=127.0.0.1:56324
Begin MonoManager ReloadAssembly
Registering precompiled unity dll's ...
Register platform support module: C:/Program Files/Unity/Hub/Editor/2021.3.45f1/Editor/Data/PlaybackEngines/WindowsStandaloneSupport/UnityEditor.WindowsStandalone.Extensions.dll
Registered in 0.011630 seconds.
Native extension for WindowsStandalone target not found
Refreshing native plugins compatible for Editor in 118.28 ms, found 3 plugins.
Preloading 0 native plugins for Editor in 0.00 ms.
Mono: successfully reloaded assembly
- Completed reload, in  1.195 seconds
Domain Reload Profiling:
	ReloadAssembly (1195ms)
		BeginReloadAssembly (159ms)
			ExecutionOrderSort (0ms)
			DisableScriptedObjects (0ms)
			BackupInstance (0ms)
			ReleaseScriptingObjects (0ms)
			CreateAndSetChildDomain (1ms)
		EndReloadAssembly (875ms)
			LoadAssemblies (155ms)
			RebuildTransferFunctionScriptingTraits (0ms)
			SetupTypeCache (225ms)
			ReleaseScriptCaches (0ms)
			RebuildScriptCaches (68ms)
			SetupLoadedEditorAssemblies (472ms)
				LogAssemblyErrors (0ms)
				InitializePlatformSupportModulesInManaged (14ms)
				SetLoadedEditorAssemblies (0ms)
				RefreshPlugins (118ms)
				BeforeProcessingInitializeOnLoad (2ms)
				ProcessInitializeOnLoadAttributes (257ms)
				ProcessInitializeOnLoadMethodAttributes (80ms)
				AfterProcessingInitializeOnLoad (0ms)
				EditorAssembliesLoaded (0ms)
			ExecutionOrderSort2 (0ms)
			AwakeInstancesAfterBackupRestoration (0ms)
Platform modules already initialized, skipping
Registering precompiled user dll's ...
Registered in 0.007928 seconds.
Begin MonoManager ReloadAssembly
Native extension for WindowsStandalone target not found
Refreshing native plugins compatible for Editor in 0.86 ms, found 3 plugins.
Preloading 0 native plugins for Editor in 0.00 ms.
Package Manager log level set to [2]
[Package Manager] Server::EnsureServerProcessIsRunning -- launch failed, reason: Unity was launched with the -noUpm command-line argument
[Package Manager] Cannot connect to Unity Package Manager local server
Mono: successfully reloaded assembly
- Completed reload, in  1.741 seconds
Domain Reload Profiling:
	ReloadAssembly (1742ms)
		BeginReloadAssembly (207ms)
			ExecutionOrderSort (0ms)
			DisableScriptedObjects (8ms)
			BackupInstance (0ms)
			ReleaseScriptingObjects (0ms)
			CreateAndSetChildDomain (22ms)
		EndReloadAssembly (1395ms)
			LoadAssemblies (145ms)
			RebuildTransferFunctionScriptingTraits (0ms)
			SetupTypeCache (339ms)
			ReleaseScriptCaches (1ms)
			RebuildScriptCaches (56ms)
			SetupLoadedEditorAssemblies (859ms)
				LogAssemblyErrors (0ms)
				InitializePlatformSupportModulesInManaged (6ms)
				SetLoadedEditorAssemblies (1ms)
				RefreshPlugins (1ms)
				BeforeProcessingInitializeOnLoad (75ms)
				ProcessInitializeOnLoadAttributes (741ms)
				ProcessInitializeOnLoadMethodAttributes (26ms)
				AfterProcessingInitializeOnLoad (10ms)
				EditorAssembliesLoaded (0ms)
			ExecutionOrderSort2 (0ms)
			AwakeInstancesAfterBackupRestoration (7ms)
Platform modules already initialized, skipping
========================================================================
Worker process is ready to serve import requests
Launched and connected shader compiler UnityShaderCompiler.exe after 0.06 seconds
Refreshing native plugins compatible for Editor in 0.62 ms, found 3 plugins.
Preloading 0 native plugins for Editor in 0.00 ms.
Unloading 3169 Unused Serialized files (Serialized files now loaded: 0)
Unloading 23 unused Assets / (20.5 KB). Loaded Objects now: 3645.
Memory consumption went from 125.8 MB to 125.7 MB.
Total: 3.208800 ms (FindLiveObjects: 0.301100 ms CreateObjectMapping: 0.090700 ms MarkObjects: 2.785600 ms  DeleteObjects: 0.030500 ms)

AssetImportParameters requested are different than current active one (requested -> active):
  custom:video-decoder-ogg-theora: a1e56fd34408186e4bbccfd4996cb3dc -> 
  custom:container-muxer-webm: aa71ff27fc2769a1b78a27578f13a17b -> 
  custom:container-demuxer-webm: 4f35f7cbe854078d1ac9338744f61a02 -> 
  custom:video-encoder-webm-vp8: eb34c28f22e8b96e1ab97ce403110664 -> 
  custom:video-codec-MediaFoundation-h265: 746d11721c4dcdbdad8f713fa42b33f4 -> 
  custom:CustomObjectIndexerAttribute: bc11b3a6c3213fcdd17b65e7da85e133 -> 
  custom:audio-encoder-webm-vorbis: bf7c407c2cedff20999df2af8eb42d56 -> 
  custom:framework-win-MediaFoundation: 216162199b28c13a410421893ffa2e32 -> 
  custom:SearchIndexIgnoredProperties: e643bd26f0fe6173181afceb89e7c659 -> 
  custom:container-demuxer-ogg: 62fdf1f143b41e24485cea50d1cbac27 -> 
  custom:video-decoder-webm-vp8: 9c59270c3fd7afecdb556c50c9e8de78 -> 
  custom:audio-decoder-ogg-vorbis: bf7c407c2cedff20999df2af8eb42d56 -> 
========================================================================
Received Import Request.
  Time since last request: 923549.238415 seconds.
  path: Assets/polyperfect/Low Poly Animated Animals/- Materials/Colors/01_Skin_Darkest_LPAA.mat
  artifactKey: Guid(7e05ef7409d694c74a16dec33c316bd7) Importer(815301076,1909f56bfc062723c751e8b465ee728b)
Number of updated assets reloaded before import = 0
Start importing Assets/polyperfect/Low Poly Animated Animals/- Materials/Colors/01_Skin_Darkest_LPAA.mat using Guid(7e05ef7409d694c74a16dec33c316bd7) Importer(815301076,1909f56bfc062723c751e8b465ee728b)  -> (artifact id: '9d67fb026cfb6a20350ca3e9f948cb10') in 0.234173 seconds 
Number of asset objects unloaded after import = 1
========================================================================
Received Import Request.
  Time since last request: 1.833656 seconds.
  path: Assets/polyperfect/Low Poly Animated Animals/- Materials/Colors/09_Brown_Darkest_LPAA.mat
  artifactKey: Guid(3b20fc9e84b968641b7312bdcdd1ffd8) Importer(815301076,1909f56bfc062723c751e8b465ee728b)
Number of updated assets reloaded before import = 0
Start importing Assets/polyperfect/Low Poly Animated Animals/- Materials/Colors/09_Brown_Darkest_LPAA.mat using Guid(3b20fc9e84b968641b7312bdcdd1ffd8) Importer(815301076,1909f56bfc062723c751e8b465ee728b)  -> (artifact id: 'fa10f79653e63c0dd0fac844bda9bcb0') in 0.019105 seconds 
Number of asset objects unloaded after import = 1
========================================================================
Received Import Request.
  Time since last request: 0.334914 seconds.
  path: Assets/polyperfect/Low Poly Animated Animals/- Materials/Colors/11_Brown_Medium_LPAA.mat
  artifactKey: Guid(0de74cacf6310c64ca1b6862ba4b219c) Importer(815301076,1909f56bfc062723c751e8b465ee728b)
Number of updated assets reloaded before import = 0
Start importing Assets/polyperfect/Low Poly Animated Animals/- Materials/Colors/11_Brown_Medium_LPAA.mat using Guid(0de74cacf6310c64ca1b6862ba4b219c) Importer(815301076,1909f56bfc062723c751e8b465ee728b)  -> (artifact id: '99e5c41a5fbb334455afbae8faebe192') in 0.055053 seconds 
Number of asset objects unloaded after import = 1
========================================================================
Received Import Request.
  Time since last request: 0.000030 seconds.
  path: Assets/polyperfect/Low Poly Animated Animals/- Materials/Colors/17_Grey_Darkest_LPAA.mat
  artifactKey: Guid(c48ed0c67054fc24da0ac1cced5a308c) Importer(815301076,1909f56bfc062723c751e8b465ee728b)
Number of updated assets reloaded before import = 0
Start importing Assets/polyperfect/Low Poly Animated Animals/- Materials/Colors/17_Grey_Darkest_LPAA.mat using Guid(c48ed0c67054fc24da0ac1cced5a308c) Importer(815301076,1909f56bfc062723c751e8b465ee728b)  -> (artifact id: '9957b5a1bfa4647cdf163016cac328f6') in 0.023845 seconds 
Number of asset objects unloaded after import = 1
========================================================================
Received Import Request.
  Time since last request: 0.000043 seconds.
  path: Assets/polyperfect/Low Poly Animated Animals/- Materials/Colors/13_Brown_Light_LPAA.mat
  artifactKey: Guid(3193cf6cf65b8a748b1a843c78e6c26d) Importer(815301076,1909f56bfc062723c751e8b465ee728b)
Number of updated assets reloaded before import = 0
Start importing Assets/polyperfect/Low Poly Animated Animals/- Materials/Colors/13_Brown_Light_LPAA.mat using Guid(3193cf6cf65b8a748b1a843c78e6c26d) Importer(815301076,1909f56bfc062723c751e8b465ee728b)  -> (artifact id: 'a0c2e1620f9949bbaa4a45f133f1c6d7') in 0.021846 seconds 
Number of asset objects unloaded after import = 1
========================================================================
Received Import Request.
  Time since last request: 0.000022 seconds.
  path: Assets/polyperfect/Low Poly Animated Animals/- Materials/Colors/18_Grey_Dark_LPAA.mat
  artifactKey: Guid(40a353f6117398145a3e785d9854de93) Importer(815301076,1909f56bfc062723c751e8b465ee728b)
Number of updated assets reloaded before import = 0
Start importing Assets/polyperfect/Low Poly Animated Animals/- Materials/Colors/18_Grey_Dark_LPAA.mat using Guid(40a353f6117398145a3e785d9854de93) Importer(815301076,1909f56bfc062723c751e8b465ee728b)  -> (artifact id: '2f893e692091fee2bb89f12cc69d0109') in 0.021647 seconds 
Number of asset objects unloaded after import = 1
========================================================================
Received Import Request.
  Time since last request: 0.236718 seconds.
  path: Assets/polyperfect/Low Poly Animated Animals/- Materials/Colors/20_Grey_LPAA.mat
  artifactKey: Guid(5fe0aebe85b574b4a94e74712f0aa915) Importer(815301076,1909f56bfc062723c751e8b465ee728b)
Number of updated assets reloaded before import = 0
Start importing Assets/polyperfect/Low Poly Animated Animals/- Materials/Colors/20_Grey_LPAA.mat using Guid(5fe0aebe85b574b4a94e74712f0aa915) Importer(815301076,1909f56bfc062723c751e8b465ee728b)  -> (artifact id: '955b45b37fae00c3d765ad23b4f3e2f7') in 0.035236 seconds 
Number of asset objects unloaded after import = 1
========================================================================
Received Import Request.
  Time since last request: 0.140145 seconds.
  path: Assets/polyperfect/Low Poly Animated Animals/- Materials/Colors/22_Grey_Lightest_LPAA.mat
  artifactKey: Guid(c413883b1f5da43f595f8475353613de) Importer(815301076,1909f56bfc062723c751e8b465ee728b)
Number of updated assets reloaded before import = 0
Start importing Assets/polyperfect/Low Poly Animated Animals/- Materials/Colors/22_Grey_Lightest_LPAA.mat using Guid(c413883b1f5da43f595f8475353613de) Importer(815301076,1909f56bfc062723c751e8b465ee728b)  -> (artifact id: '62f5934a27b7dc2343592c50e09019fc') in 0.019475 seconds 
Number of asset objects unloaded after import = 1
========================================================================
Received Import Request.
  Time since last request: 0.050686 seconds.
  path: Assets/polyperfect/Low Poly Animated Animals/- Materials/Colors/Transparent/24_Transparent_Grey_LPAA.mat
  artifactKey: Guid(9d9bb6bbb2ed44e89aaf71377e273447) Importer(815301076,1909f56bfc062723c751e8b465ee728b)
Number of updated assets reloaded before import = 0
Start importing Assets/polyperfect/Low Poly Animated Animals/- Materials/Colors/Transparent/24_Transparent_Grey_LPAA.mat using Guid(9d9bb6bbb2ed44e89aaf71377e273447) Importer(815301076,1909f56bfc062723c751e8b465ee728b)  -> (artifact id: '90452bbe9f57e988d8aeac57109cf138') in 0.287766 seconds 
Number of asset objects unloaded after import = 1
========================================================================
Received Import Request.
  Time since last request: 1.706822 seconds.
  path: Assets/polyperfect/Low Poly Animated Animals/- Materials/Colors/26_Red_Dark_LPAA.mat
  artifactKey: Guid(48b31daa83ddb854fadd9402702394e4) Importer(815301076,1909f56bfc062723c751e8b465ee728b)
Number of updated assets reloaded before import = 0
Start importing Assets/polyperfect/Low Poly Animated Animals/- Materials/Colors/26_Red_Dark_LPAA.mat using Guid(48b31daa83ddb854fadd9402702394e4) Importer(815301076,1909f56bfc062723c751e8b465ee728b)  -> (artifact id: '7895f4a61a8054a349e6a17e0f0496d1') in 0.038107 seconds 
Number of asset objects unloaded after import = 1
========================================================================
Received Import Request.
  Time since last request: 0.026844 seconds.
  path: Assets/polyperfect/Low Poly Animated Animals/- Materials/Colors/28_Orange_LPAA.mat
  artifactKey: Guid(700ae469e5be9ac4095d29b97116027a) Importer(815301076,1909f56bfc062723c751e8b465ee728b)
Number of updated assets reloaded before import = 0
Start importing Assets/polyperfect/Low Poly Animated Animals/- Materials/Colors/28_Orange_LPAA.mat using Guid(700ae469e5be9ac4095d29b97116027a) Importer(815301076,1909f56bfc062723c751e8b465ee728b)  -> (artifact id: '23c50400ac5d0a53f20cc15b794725ee') in 0.019179 seconds 
Number of asset objects unloaded after import = 1
========================================================================
Received Import Request.
  Time since last request: 0.027482 seconds.
  path: Assets/polyperfect/Low Poly Animated Animals/- Materials/Colors/30_Yellow_LPAA.mat
  artifactKey: Guid(42caffe1132386f4daa037a9663088b9) Importer(815301076,1909f56bfc062723c751e8b465ee728b)
Number of updated assets reloaded before import = 0
Start importing Assets/polyperfect/Low Poly Animated Animals/- Materials/Colors/30_Yellow_LPAA.mat using Guid(42caffe1132386f4daa037a9663088b9) Importer(815301076,1909f56bfc062723c751e8b465ee728b)  -> (artifact id: '28395528b6e6eefd43b6ea0f509bf5c9') in 0.022501 seconds 
Number of asset objects unloaded after import = 1
========================================================================
Received Import Request.
  Time since last request: 0.023317 seconds.
  path: Assets/polyperfect/Low Poly Animated Animals/- Materials/Colors/33_Green_Darkest_LPAA.mat
  artifactKey: Guid(12ca79d1906ac624994fa91e85880fb8) Importer(815301076,1909f56bfc062723c751e8b465ee728b)
Number of updated assets reloaded before import = 0
Start importing Assets/polyperfect/Low Poly Animated Animals/- Materials/Colors/33_Green_Darkest_LPAA.mat using Guid(12ca79d1906ac624994fa91e85880fb8) Importer(815301076,1909f56bfc062723c751e8b465ee728b)  -> (artifact id: 'd6e857443385a1aceb89386bd0bb5322') in 0.017065 seconds 
Number of asset objects unloaded after import = 1
========================================================================
Received Import Request.
  Time since last request: 0.293821 seconds.
  path: Assets/polyperfect/Low Poly Animated Animals/- Materials/Colors/35_Green_Medium_LPAA.mat
  artifactKey: Guid(87ff71ffc286b91449d2296928632aed) Importer(815301076,1909f56bfc062723c751e8b465ee728b)
Number of updated assets reloaded before import = 0
Start importing Assets/polyperfect/Low Poly Animated Animals/- Materials/Colors/35_Green_Medium_LPAA.mat using Guid(87ff71ffc286b91449d2296928632aed) Importer(815301076,1909f56bfc062723c751e8b465ee728b)  -> (artifact id: '32ad615caa5054e3dca73c47e3240157') in 0.037009 seconds 
Number of asset objects unloaded after import = 1
========================================================================
Received Import Request.
  Time since last request: 0.243156 seconds.
  path: Assets/polyperfect/Low Poly Animated Animals/- Materials/Colors/37_Green_Light_LPAA.mat
  artifactKey: Guid(d41a8bca790345f49b3ae205465ff2f8) Importer(815301076,1909f56bfc062723c751e8b465ee728b)
Number of updated assets reloaded before import = 0
Start importing Assets/polyperfect/Low Poly Animated Animals/- Materials/Colors/37_Green_Light_LPAA.mat using Guid(d41a8bca790345f49b3ae205465ff2f8) Importer(815301076,1909f56bfc062723c751e8b465ee728b)  -> (artifact id: '9c0b11cf34c89b64bc6bf439c865e56e') in 0.019642 seconds 
Number of asset objects unloaded after import = 1
========================================================================
Received Import Request.
  Time since last request: 0.042929 seconds.
  path: Assets/polyperfect/Low Poly Animated Animals/- Materials/Colors/39_Green_White_LPAA.mat
  artifactKey: Guid(668dd8403bdfc6347a3f5b1c412defa1) Importer(815301076,1909f56bfc062723c751e8b465ee728b)
Number of updated assets reloaded before import = 0
Start importing Assets/polyperfect/Low Poly Animated Animals/- Materials/Colors/39_Green_White_LPAA.mat using Guid(668dd8403bdfc6347a3f5b1c412defa1) Importer(815301076,1909f56bfc062723c751e8b465ee728b)  -> (artifact id: '115d5a1f4a5365f0dff0af065bf9e5dc') in 0.036591 seconds 
Number of asset objects unloaded after import = 1
========================================================================
Received Import Request.
  Time since last request: 0.000025 seconds.
  path: Assets/polyperfect/Low Poly Animated Animals/- Materials/Colors/43_Blue_Medium_LPAA.mat
  artifactKey: Guid(4ea8e2de4ac6b564c98a36f67a2ad64f) Importer(815301076,1909f56bfc062723c751e8b465ee728b)
Number of updated assets reloaded before import = 0
Start importing Assets/polyperfect/Low Poly Animated Animals/- Materials/Colors/43_Blue_Medium_LPAA.mat using Guid(4ea8e2de4ac6b564c98a36f67a2ad64f) Importer(815301076,1909f56bfc062723c751e8b465ee728b)  -> (artifact id: 'd8252c84bb41f76e0ebca8ceace2947c') in 0.020648 seconds 
Number of asset objects unloaded after import = 1
========================================================================
Received Import Request.
  Time since last request: 0.223206 seconds.
  path: Assets/polyperfect/Low Poly Animated Animals/- Materials/Colors/44_Blue_LPAA.mat
  artifactKey: Guid(0d337a70f9e175348909eb917056c239) Importer(815301076,1909f56bfc062723c751e8b465ee728b)
Number of updated assets reloaded before import = 0
Start importing Assets/polyperfect/Low Poly Animated Animals/- Materials/Colors/44_Blue_LPAA.mat using Guid(0d337a70f9e175348909eb917056c239) Importer(815301076,1909f56bfc062723c751e8b465ee728b)  -> (artifact id: '2ae8e2db9bdc9b39b67df434037cf3c1') in 0.024179 seconds 
Number of asset objects unloaded after import = 1
========================================================================
Received Import Request.
  Time since last request: 0.032364 seconds.
  path: Assets/polyperfect/Low Poly Animated Animals/- Materials/Colors/Transparent/48_Transparent_Blue_LPAA.mat
  artifactKey: Guid(d0054e2826ae0cc4e8abb517bd8d7ac5) Importer(815301076,1909f56bfc062723c751e8b465ee728b)
Number of updated assets reloaded before import = 0
Start importing Assets/polyperfect/Low Poly Animated Animals/- Materials/Colors/Transparent/48_Transparent_Blue_LPAA.mat using Guid(d0054e2826ae0cc4e8abb517bd8d7ac5) Importer(815301076,1909f56bfc062723c751e8b465ee728b)  -> (artifact id: '300bc9fbab7268f5c3bb5d4fd79386ff') in 0.274839 seconds 
Number of asset objects unloaded after import = 1
========================================================================
Received Import Request.
  Time since last request: 0.032321 seconds.
  path: Assets/polyperfect/Low Poly Animated Animals/- Materials/Colors/57_Black_LPAA.mat
  artifactKey: Guid(66c05709e04ed42a3a537ad26aca9cb8) Importer(815301076,1909f56bfc062723c751e8b465ee728b)
Number of updated assets reloaded before import = 0
Start importing Assets/polyperfect/Low Poly Animated Animals/- Materials/Colors/57_Black_LPAA.mat using Guid(66c05709e04ed42a3a537ad26aca9cb8) Importer(815301076,1909f56bfc062723c751e8b465ee728b)  -> (artifact id: 'faa125fd4117426fbfa35d9745ea9423') in 0.018913 seconds 
Number of asset objects unloaded after import = 1
========================================================================
Received Import Request.
  Time since last request: 0.006382 seconds.
  path: Assets/polyperfect/Low Poly Animated Animals/- Materials/Colors/Emission/59_Emission_White_LPAA.mat
  artifactKey: Guid(f025c5db938b349a8b450e845b67e20a) Importer(815301076,1909f56bfc062723c751e8b465ee728b)
Number of updated assets reloaded before import = 0
Start importing Assets/polyperfect/Low Poly Animated Animals/- Materials/Colors/Emission/59_Emission_White_LPAA.mat using Guid(f025c5db938b349a8b450e845b67e20a) Importer(815301076,1909f56bfc062723c751e8b465ee728b)  -> (artifact id: '13a14e42ba4cffa69d1a737e7ae13374') in 0.109352 seconds 
Number of asset objects unloaded after import = 1
========================================================================
Received Import Request.
  Time since last request: 1.367714 seconds.
  path: Assets/polyperfect/Low Poly Animated Animals/- Materials/Colors/Emission/62_Emission_Yellow_LPAA.mat
  artifactKey: Guid(6c0d25474dfd33349bfeedd203d2a3e0) Importer(815301076,1909f56bfc062723c751e8b465ee728b)
Number of updated assets reloaded before import = 0
Start importing Assets/polyperfect/Low Poly Animated Animals/- Materials/Colors/Emission/62_Emission_Yellow_LPAA.mat using Guid(6c0d25474dfd33349bfeedd203d2a3e0) Importer(815301076,1909f56bfc062723c751e8b465ee728b)  -> (artifact id: '14103af96f7ee64834e6a7ec0c7561fb') in 0.020724 seconds 
Number of asset objects unloaded after import = 1
========================================================================
Received Import Request.
  Time since last request: 0.000027 seconds.
  path: Assets/TextMesh Pro/Examples & Extras/Resources/Fonts & Materials/Anton SDF - Drop Shadow.mat
  artifactKey: Guid(749b9069dc4742c5bfa5c74644049926) Importer(815301076,1909f56bfc062723c751e8b465ee728b)
Number of updated assets reloaded before import = 0
Start importing Assets/TextMesh Pro/Examples & Extras/Resources/Fonts & Materials/Anton SDF - Drop Shadow.mat using Guid(749b9069dc4742c5bfa5c74644049926) Importer(815301076,1909f56bfc062723c751e8b465ee728b)  -> (artifact id: '964fde5cd38d1971984fc5dac247d2dc') in 0.137197 seconds 
Number of asset objects unloaded after import = 2
========================================================================
Received Import Request.
  Time since last request: 0.103442 seconds.
  path: Assets/TextMesh Pro/Examples & Extras/Resources/Fonts & Materials/Anton SDF - Outline.mat
  artifactKey: Guid(a00013af81304728b2be1f4309ee2433) Importer(815301076,1909f56bfc062723c751e8b465ee728b)
Number of updated assets reloaded before import = 0
Start importing Assets/TextMesh Pro/Examples & Extras/Resources/Fonts & Materials/Anton SDF - Outline.mat using Guid(a00013af81304728b2be1f4309ee2433) Importer(815301076,1909f56bfc062723c751e8b465ee728b)  -> (artifact id: '4cbc862127e6c90a47551e9c88a539dc') in 0.108921 seconds 
Number of asset objects unloaded after import = 2
========================================================================
Received Import Request.
  Time since last request: 0.000021 seconds.
  path: Assets/TextMesh Pro/Examples & Extras/Resources/Fonts & Materials/Anton SDF.asset
  artifactKey: Guid(8a89fa14b10d46a99122fd4f73fca9a2) Importer(815301076,1909f56bfc062723c751e8b465ee728b)
Number of updated assets reloaded before import = 0
Start importing Assets/TextMesh Pro/Examples & Extras/Resources/Fonts & Materials/Anton SDF.asset using Guid(8a89fa14b10d46a99122fd4f73fca9a2) Importer(815301076,1909f56bfc062723c751e8b465ee728b)  -> (artifact id: '355184f54263664bd4250e9adec664a5') in 0.064089 seconds 
Number of asset objects unloaded after import = 6
========================================================================
Received Import Request.
  Time since last request: 0.000040 seconds.
  path: Assets/TextMesh Pro/Examples & Extras/Resources/Fonts & Materials/Bangers SDF - Drop Shadow.mat
  artifactKey: Guid(f2dcf029949142e28b974630369c8b4e) Importer(815301076,1909f56bfc062723c751e8b465ee728b)
Number of updated assets reloaded before import = 0
Start importing Assets/TextMesh Pro/Examples & Extras/Resources/Fonts & Materials/Bangers SDF - Drop Shadow.mat using Guid(f2dcf029949142e28b974630369c8b4e) Importer(815301076,1909f56bfc062723c751e8b465ee728b)  -> (artifact id: 'bb460eacbb941cb3d45caccda3a6d0a3') in 0.048605 seconds 
Number of asset objects unloaded after import = 2
========================================================================
Received Import Request.
  Time since last request: 0.000024 seconds.
  path: Assets/TextMesh Pro/Examples & Extras/Resources/Fonts & Materials/Bangers SDF Glow.mat
  artifactKey: Guid(d75b8f41e959450c84ac6e967084d3e1) Importer(815301076,1909f56bfc062723c751e8b465ee728b)
Number of updated assets reloaded before import = 0
Start importing Assets/TextMesh Pro/Examples & Extras/Resources/Fonts & Materials/Bangers SDF Glow.mat using Guid(d75b8f41e959450c84ac6e967084d3e1) Importer(815301076,1909f56bfc062723c751e8b465ee728b)  -> (artifact id: '56e1627f489e0b9708d90719f0c39c04') in 0.160814 seconds 
Number of asset objects unloaded after import = 3
========================================================================
Received Prepare
Registering precompiled user dll's ...
Registered in 0.009846 seconds.
Begin MonoManager ReloadAssembly
Native extension for WindowsStandalone target not found
Refreshing native plugins compatible for Editor in 1.05 ms, found 3 plugins.
Preloading 0 native plugins for Editor in 0.00 ms.
[Package Manager] Server::EnsureServerProcessIsRunning -- launch failed, reason: Unity was launched with the -noUpm command-line argument
[Package Manager] Cannot connect to Unity Package Manager local server
Mono: successfully reloaded assembly
- Completed reload, in  2.275 seconds
Domain Reload Profiling:
	ReloadAssembly (2276ms)
		BeginReloadAssembly (220ms)
			ExecutionOrderSort (0ms)
			DisableScriptedObjects (8ms)
			BackupInstance (0ms)
			ReleaseScriptingObjects (0ms)
			CreateAndSetChildDomain (47ms)
		EndReloadAssembly (1887ms)
			LoadAssemblies (158ms)
			RebuildTransferFunctionScriptingTraits (0ms)
			SetupTypeCache (535ms)
			ReleaseScriptCaches (4ms)
			RebuildScriptCaches (73ms)
			SetupLoadedEditorAssemblies (1064ms)
				LogAssemblyErrors (0ms)
				InitializePlatformSupportModulesInManaged (9ms)
				SetLoadedEditorAssemblies (1ms)
				RefreshPlugins (1ms)
				BeforeProcessingInitializeOnLoad (94ms)
				ProcessInitializeOnLoadAttributes (895ms)
				ProcessInitializeOnLoadMethodAttributes (40ms)
				AfterProcessingInitializeOnLoad (24ms)
				EditorAssembliesLoaded (0ms)
			ExecutionOrderSort2 (0ms)
			AwakeInstancesAfterBackupRestoration (12ms)
Platform modules already initialized, skipping
Refreshing native plugins compatible for Editor in 1.72 ms, found 3 plugins.
Preloading 0 native plugins for Editor in 0.00 ms.
Unloading 3148 Unused Serialized files (Serialized files now loaded: 0)
Unloading 19 unused Assets / (22.0 KB). Loaded Objects now: 3693.
Memory consumption went from 128.9 MB to 128.9 MB.
Total: 4.040600 ms (FindLiveObjects: 0.382600 ms CreateObjectMapping: 0.245600 ms MarkObjects: 3.380100 ms  DeleteObjects: 0.030900 ms)

AssetImportParameters requested are different than current active one (requested -> active):
  custom:video-decoder-ogg-theora: a1e56fd34408186e4bbccfd4996cb3dc -> 
  custom:container-muxer-webm: aa71ff27fc2769a1b78a27578f13a17b -> 
  custom:container-demuxer-webm: 4f35f7cbe854078d1ac9338744f61a02 -> 
  custom:video-encoder-webm-vp8: eb34c28f22e8b96e1ab97ce403110664 -> 
  custom:video-codec-MediaFoundation-h265: 746d11721c4dcdbdad8f713fa42b33f4 -> 
  custom:CustomObjectIndexerAttribute: bc11b3a6c3213fcdd17b65e7da85e133 -> 
  custom:audio-encoder-webm-vorbis: bf7c407c2cedff20999df2af8eb42d56 -> 
  custom:framework-win-MediaFoundation: 216162199b28c13a410421893ffa2e32 -> 
  custom:SearchIndexIgnoredProperties: e643bd26f0fe6173181afceb89e7c659 -> 
  custom:container-demuxer-ogg: 62fdf1f143b41e24485cea50d1cbac27 -> 
  custom:video-decoder-webm-vp8: 9c59270c3fd7afecdb556c50c9e8de78 -> 
  custom:audio-decoder-ogg-vorbis: bf7c407c2cedff20999df2af8eb42d56 -> 
========================================================================
Received Import Request.
  Time since last request: 195.567827 seconds.
  path: Assets/New Terrain 1.asset
  artifactKey: Guid(a1ecb6eb24b78b1419e18ec43cc26959) Importer(815301076,1909f56bfc062723c751e8b465ee728b)
Number of updated assets reloaded before import = 0
Start importing Assets/New Terrain 1.asset using Guid(a1ecb6eb24b78b1419e18ec43cc26959) Importer(815301076,1909f56bfc062723c751e8b465ee728b)  -> (artifact id: 'e543338e6f62841e35222ddb9c9211c6') in 0.032327 seconds 
Number of asset objects unloaded after import = 1
========================================================================
Received Import Request.
  Time since last request: 50.289044 seconds.
  path: Assets/polyperfect/Low Poly Animated Animals/- Materials/Animals/Penguin.mat
  artifactKey: Guid(ec1c21b46877d4260a195fbe70a7f311) Importer(815301076,1909f56bfc062723c751e8b465ee728b)
Number of updated assets reloaded before import = 0
Start importing Assets/polyperfect/Low Poly Animated Animals/- Materials/Animals/Penguin.mat using Guid(ec1c21b46877d4260a195fbe70a7f311) Importer(815301076,1909f56bfc062723c751e8b465ee728b)  -> (artifact id: '16f073b8676254aa56d3e79dcff5f022') in 0.097670 seconds 
Number of asset objects unloaded after import = 2
========================================================================
Received Import Request.
  Time since last request: 0.000030 seconds.
  path: Assets/polyperfect/Low Poly Animated Animals/- Textures/Animals/Penguin_COL_1k.png
  artifactKey: Guid(74d426a304ce642b683ce051c0eec507) Importer(815301076,1909f56bfc062723c751e8b465ee728b)
Number of updated assets reloaded before import = 0
Start importing Assets/polyperfect/Low Poly Animated Animals/- Textures/Animals/Penguin_COL_1k.png using Guid(74d426a304ce642b683ce051c0eec507) Importer(815301076,1909f56bfc062723c751e8b465ee728b)  -> (artifact id: '515b353aaa9d68ac82e5cab4b21e6578') in 0.091739 seconds 
Number of asset objects unloaded after import = 2
========================================================================
Received Import Request.
  Time since last request: 0.000029 seconds.
  path: Assets/polyperfect/Low Poly Animated Animals/- Sounds/SFX_Penguin.ogg
  artifactKey: Guid(e213f073542414fcbbb5795da66a953a) Importer(815301076,1909f56bfc062723c751e8b465ee728b)
Number of updated assets reloaded before import = 0
Start importing Assets/polyperfect/Low Poly Animated Animals/- Sounds/SFX_Penguin.ogg using Guid(e213f073542414fcbbb5795da66a953a) Importer(815301076,1909f56bfc062723c751e8b465ee728b)  -> (artifact id: 'c007c3e340d3920c4e98b24e035da68e') in 0.058241 seconds 
Number of asset objects unloaded after import = 2
========================================================================
Received Prepare
Registering precompiled user dll's ...
Registered in 0.008584 seconds.
Begin MonoManager ReloadAssembly
Native extension for WindowsStandalone target not found
Refreshing native plugins compatible for Editor in 1.05 ms, found 3 plugins.
Preloading 0 native plugins for Editor in 0.00 ms.
[Package Manager] Server::EnsureServerProcessIsRunning -- launch failed, reason: Unity was launched with the -noUpm command-line argument
[Package Manager] Cannot connect to Unity Package Manager local server
Mono: successfully reloaded assembly
- Completed reload, in  2.028 seconds
Domain Reload Profiling:
	ReloadAssembly (2029ms)
		BeginReloadAssembly (195ms)
			ExecutionOrderSort (0ms)
			DisableScriptedObjects (6ms)
			BackupInstance (0ms)
			ReleaseScriptingObjects (0ms)
			CreateAndSetChildDomain (41ms)
		EndReloadAssembly (1687ms)
			LoadAssemblies (140ms)
			RebuildTransferFunctionScriptingTraits (0ms)
			SetupTypeCache (455ms)
			ReleaseScriptCaches (2ms)
			RebuildScriptCaches (72ms)
			SetupLoadedEditorAssemblies (982ms)
				LogAssemblyErrors (0ms)
				InitializePlatformSupportModulesInManaged (10ms)
				SetLoadedEditorAssemblies (1ms)
				RefreshPlugins (1ms)
				BeforeProcessingInitializeOnLoad (81ms)
				ProcessInitializeOnLoadAttributes (844ms)
				ProcessInitializeOnLoadMethodAttributes (32ms)
				AfterProcessingInitializeOnLoad (14ms)
				EditorAssembliesLoaded (0ms)
			ExecutionOrderSort2 (0ms)
			AwakeInstancesAfterBackupRestoration (11ms)
Platform modules already initialized, skipping
Refreshing native plugins compatible for Editor in 0.96 ms, found 3 plugins.
Preloading 0 native plugins for Editor in 0.00 ms.
Unloading 3148 Unused Serialized files (Serialized files now loaded: 0)
Unloading 19 unused Assets / (21.9 KB). Loaded Objects now: 3700.
Memory consumption went from 129.0 MB to 129.0 MB.
Total: 4.931500 ms (FindLiveObjects: 0.432700 ms CreateObjectMapping: 0.321700 ms MarkObjects: 4.145100 ms  DeleteObjects: 0.030500 ms)

AssetImportParameters requested are different than current active one (requested -> active):
  custom:video-decoder-ogg-theora: a1e56fd34408186e4bbccfd4996cb3dc -> 
  custom:container-muxer-webm: aa71ff27fc2769a1b78a27578f13a17b -> 
  custom:container-demuxer-webm: 4f35f7cbe854078d1ac9338744f61a02 -> 
  custom:video-encoder-webm-vp8: eb34c28f22e8b96e1ab97ce403110664 -> 
  custom:video-codec-MediaFoundation-h265: 746d11721c4dcdbdad8f713fa42b33f4 -> 
  custom:CustomObjectIndexerAttribute: bc11b3a6c3213fcdd17b65e7da85e133 -> 
  custom:audio-encoder-webm-vorbis: bf7c407c2cedff20999df2af8eb42d56 -> 
  custom:framework-win-MediaFoundation: 216162199b28c13a410421893ffa2e32 -> 
  custom:SearchIndexIgnoredProperties: e643bd26f0fe6173181afceb89e7c659 -> 
  custom:container-demuxer-ogg: 62fdf1f143b41e24485cea50d1cbac27 -> 
  custom:video-decoder-webm-vp8: 9c59270c3fd7afecdb556c50c9e8de78 -> 
  custom:audio-decoder-ogg-vorbis: bf7c407c2cedff20999df2af8eb42d56 -> 
Editor requested this worker to shutdown with reason: Scaling down because of idle timeout
AssetImportWorker is now disconnected from the server
Process exiting
Exiting without the bug reporter. Application will terminate with return code 0